апр. 08, 2021 3:54:02 PM com.company.User$Helper writeLog
INFO: Start
апр. 08, 2021 3:54:03 PM com.company.User$Helper writeLog
INFO: Recipient server is started
апр. 08, 2021 3:54:03 PM com.company.User$Helper writeLog
INFO: Sender has connected to 127.0.0.1 on 90
апр. 08, 2021 3:54:03 PM com.company.User$Helper writeLog
INFO: Node /127.0.0.1 connected
апр. 08, 2021 3:54:03 PM com.company.User$Helper writeLog
INFO: Inputs for this transaction:
Input 1:
X: 
(f635db3a4994d5af9d193a545e6cd4a33bea2186bfd37670204dbee7e8362950,8d41ce4bc38235641e7426d378dc520beb1ec777eef3079d021b706356337665,1,0)
blinding factor: 8186337471375609283
amount: 18
Input 2:
X: 
(d49936f5416cf9e903b179f3cedaa9e6a175e7c8ffe83d0bae8b13ff9bf89837,aa6fa06e41e01eaf390fdf8289015eda87908990280d968ed6d17ff743af2a27,1,0)
blinding factor: 2831495576958419747
amount: 8
Input 3:
X: 
(4ada0b310e69581cb0e9610ae01e0d7e891a90e6884cef6e1e81b9ce23123518,fbb87e90150e830f02aeb6111a4b7bf1a1a75ce380f52e7d438587ebdd9bdabd,1,0)
blinding factor: 7384359731981000176
amount: 4

апр. 08, 2021 3:54:03 PM com.company.User$Helper writeLog
INFO: Sum of input blinding factors (xl): 18402192780315029206
Total input amount: 30
amountToSend: 20
change: 10
New blinding factor for Change output (xC): 7738731805749808885
ChangeOutput=xC*G+change*H: (a6bf4f291add884bf666cdf3a3a79759e25086523a87af408a00a84e03f42cd8,a6c53ceea7cecd982c34499abe541a39e389095ec9088b5ad8a82a8f0d68c77b,1,0)
апр. 08, 2021 3:54:03 PM com.company.User$Helper writeLog
INFO: xS=xC-xl: -10663460974565220321
xSG=xS*G: (9dfbdbf3507e792fbd68b26e8645dd4b4d4adfbd792def496a9e37e3f37805e0,f5d4652662cd3a15b13febde75f6e224274dee1ebc4f07c9991331fc1b01637b,1,0)
Sender Nonce(kS): 7666211673656782345
ksG=ks*G: (8fae0e0e12761afba59847c7b7cbe7d70e50e248aefc9dd3c5bf462a999eccc,a075779b4e0686135676c02cad309b1d3c61cc5c1f6d14fd124c626c2ddb6b47,1,0)
апр. 08, 2021 3:54:03 PM com.company.User$Helper writeLog
INFO: Request request file is made
апр. 08, 2021 3:54:03 PM com.company.User$Helper writeLog
INFO: Request file is sent
There are:
amountToSend
lockHeight
xSG
kSG

Waiting for response



апр. 08, 2021 3:54:03 PM com.company.User$Helper writeLog
INFO: Request file is received
апр. 08, 2021 3:54:03 PM com.company.User$Helper writeLog
INFO: Request file is parsed
апр. 08, 2021 3:54:03 PM com.company.User$Helper writeLog
INFO: Recipient new blinding factor (xR) for output: 369379295245856245
Point xRG=xR*G: (97e7e98c371ed770a3fada49023330877e650cc44f6592837c8340531c30828f,36af04d1dd5453a77cd48ee59de79d3b26fb83bafa6eb4219dfae01423b8cf98,1,0)
Recipient's nonce (kR): 240719337967255320
Point kRG=kr*G: (8fae0e0e12761afba59847c7b7cbe7d70e50e248aefc9dd3c5bf462a999eccc,a075779b4e0686135676c02cad309b1d3c61cc5c1f6d14fd124c626c2ddb6b47,1,0)
апр. 08, 2021 3:54:03 PM com.company.User$Helper writeLog
INFO: Recipient output (Y=xR*G+amountToSend*H): (cfb51fc6528b9c1adb7077413249a0dbb86706a6d2dcbcba7fa953c204c8b30a,7dd38fd39e78372aba7ca87e2bcd042e48eaaf053b9d3fab0d2fc1933abf8637,1,0)
апр. 08, 2021 3:54:03 PM com.company.User$Helper writeLog
INFO: Variable e=SHA256(kG | xG | M): 48313330385251894228766498115161872566806551933706553043067923743656171226621
(Where M= Message of transaction)
апр. 08, 2021 3:54:03 PM com.company.User$Helper writeLog
INFO: Recipient Schnorr signature (sR=kR+e*xR): 17845943928684557079598771887619023508000120111096983799747116372607480261650439760387050353465
апр. 08, 2021 3:54:03 PM com.company.User$Helper writeLog
INFO: Response file is created
апр. 08, 2021 3:54:03 PM com.company.User$Helper writeLog
INFO: Response file is sent
There are:
sr
kRG
xRG
recipientOutput

апр. 08, 2021 3:54:03 PM com.company.User$Helper writeLog
INFO: Node /127.0.0.1 disconnected



апр. 08, 2021 3:54:03 PM com.company.User$Helper writeLog
INFO: Response file is got
апр. 08, 2021 3:54:03 PM com.company.User$Helper writeLog
INFO: Response file is parsed
апр. 08, 2021 3:54:03 PM com.company.User$Helper writeLog
INFO: Variable e=SHA256(kG | xG | M): 48313330385251894228766498115161872566806551933706553043067923743656171226621
Sender Schnorr signature (sS=kS+e*xR): -515187313114409635376958510131514633307600562931755556771688534702491940632519939991522028582996Final signature= (kSG+kRG,sS+sR)=(kG,s): ((83fa469233662dc7e230a368bb77e64ebafe258b3ca1fdfc371d923a1b50a14d,d3b63e0a29722f4697f82399272b140580f2ca215c9403efc71f83f3ab2a2cab,1,0),-497341369185725078297359738243895609799600442820658572971941418329884460370869500231134978229531)

апр. 08, 2021 3:54:03 PM com.company.User$Helper writeLog
INFO: Verification of signature: 
true
kG+xG*e: (1a1ed584ce7dca5dabebdd99cc8ab45893f9531b4ff444b5b182d76aa4f3509f,9104119774c19adba0c7ec586fddad1c7d9e47c8acae6817cb527e4128af280,1,0)
s*G: (1a1ed584ce7dca5dabebdd99cc8ab45893f9531b4ff444b5b182d76aa4f3509f,9104119774c19adba0c7ec586fddad1c7d9e47c8acae6817cb527e4128af280,1,0)

апр. 08, 2021 3:54:03 PM com.company.User$Helper writeLog
INFO: Transaction file is made
апр. 08, 2021 3:54:03 PM com.company.User$Helper writeLog
INFO: Transaction file is parsed
апр. 08, 2021 3:54:03 PM com.company.User$Helper writeLog
INFO: Inputs of transaction:
Input0: (f635db3a4994d5af9d193a545e6cd4a33bea2186bfd37670204dbee7e8362950,8d41ce4bc38235641e7426d378dc520beb1ec777eef3079d021b706356337665,1,0)
Input1: (d49936f5416cf9e903b179f3cedaa9e6a175e7c8ffe83d0bae8b13ff9bf89837,aa6fa06e41e01eaf390fdf8289015eda87908990280d968ed6d17ff743af2a27,1,0)
Input2: (4ada0b310e69581cb0e9610ae01e0d7e891a90e6884cef6e1e81b9ce23123518,fbb87e90150e830f02aeb6111a4b7bf1a1a75ce380f52e7d438587ebdd9bdabd,1,0)

апр. 08, 2021 3:54:03 PM com.company.User$Helper writeLog
INFO: Outputs of transaction:
Output0: (a6bf4f291add884bf666cdf3a3a79759e25086523a87af408a00a84e03f42cd8,a6c53ceea7cecd982c34499abe541a39e389095ec9088b5ad8a82a8f0d68c77b,1,0)
Output1: (cfb51fc6528b9c1adb7077413249a0dbb86706a6d2dcbcba7fa953c204c8b30a,7dd38fd39e78372aba7ca87e2bcd042e48eaaf053b9d3fab0d2fc1933abf8637,1,0)

апр. 08, 2021 3:54:03 PM com.company.User$Helper writeLog
INFO: Sum of inputs (X): (b2d1316170702e091067cc40065b63277fd89f230f067e4c5831b79ebaf169c8,a9d3752fb3df9ba974b5d526cc2e8e723a5b79ec58f788accaf76b82b6dfcf5a,1,0)
Sum of outputs (Y): (da40bba46eafcf2df8d9cad181d57fa4a53453e70e10b887c348ff3d53d12ffc,49e239f9637114c55b02b02ceec632bf9f1a1ae472ce90e1756f71c48b0a1944,1,0)
апр. 08, 2021 3:54:03 PM com.company.User$Helper writeLog
INFO: 
Y-X: (9411e188042bbacd6559290df5dae938610f5ea5ea53744924bb270b14eb08ae,28f179fb3e27a08156f0bfa9fa94461f41bd5e9b90f559f722118aeb5a40ee5e,1,0)
xG: (9411e188042bbacd6559290df5dae938610f5ea5ea53744924bb270b14eb08ae,28f179fb3e27a08156f0bfa9fa94461f41bd5e9b90f559f722118aeb5a40ee5e,1,0)
kG: (83fa469233662dc7e230a368bb77e64ebafe258b3ca1fdfc371d923a1b50a14d,d3b63e0a29722f4697f82399272b140580f2ca215c9403efc71f83f3ab2a2cab,1,0)
Variable e=SHA256(kG | xG | M): 48313330385251894228766498115161872566806551933706553043067923743656171226621

апр. 08, 2021 3:54:03 PM com.company.User$Helper writeLog
INFO: Verification of signature: 
true
kG+xG*e: (1a1ed584ce7dca5dabebdd99cc8ab45893f9531b4ff444b5b182d76aa4f3509f,9104119774c19adba0c7ec586fddad1c7d9e47c8acae6817cb527e4128af280,1,0)
s*G: (1a1ed584ce7dca5dabebdd99cc8ab45893f9531b4ff444b5b182d76aa4f3509f,9104119774c19adba0c7ec586fddad1c7d9e47c8acae6817cb527e4128af280,1,0)

апр. 08, 2021 3:54:03 PM com.company.User$Helper writeLog
INFO: Y-X-xG: INF

